<?xml version="1.0" encoding="UTF-8"?>
<!-- Generated by org.testng.reporters.JUnitReportReporter -->
<testsuite hostname="CHANDEL" failures="0" tests="1" name="com.ecom.flipkart.CartTest.ProductAddToCartTest" time="14.621" errors="0" timestamp="2022-09-20T12:40:52 IST" skipped="0">
  <testcase classname="com.ecom.flipkart.CartTest.ProductAddToCartTest" name="addToCartWinterHeaterTest" time="14.621"/>
  <system-out/>
</testsuite> <!-- com.ecom.flipkart.CartTest.ProductAddToCartTest -->
